<?xml version="1.0" encoding="UTF-8"?>
<!-- Generated by org.testng.reporters.JUnitReportReporter -->
<testsuite skipped="0" hostname="KSI001" name="TestNG.Practice" tests="2" failures="0" timestamp="06 Jul 2019 06:16:52 GMT" time="0.016" errors="0">
  <testcase name="test2" time="0.016" classname="TestNG.Practice"/>
  <testcase name="test1" time="0.000" classname="TestNG.Practice"/>
</testsuite> <!-- TestNG.Practice -->
