<?xml version="1.0" encoding="UTF-8"?>
<!-- Generated by org.testng.reporters.JUnitReportReporter -->
<testsuite skipped="0" hostname="KSI001" name="TestNG.Practice2" tests="1" failures="0" timestamp="06 Jul 2019 06:16:52 GMT" time="0.000" errors="0">
  <testcase name="test3" time="0.000" classname="TestNG.Practice2"/>
</testsuite> <!-- TestNG.Practice2 -->
