<?xml version="1.0" encoding="UTF-8"?>
<!-- Generated by org.testng.reporters.JUnitReportReporter -->
<testsuite skipped="0" hostname="KSI001" name="admin.Dashboard" tests="1" failures="0" timestamp="10 Jul 2019 10:58:43 GMT" time="0.018" errors="0">
  <testcase name="test3" time="0.018" classname="admin.Dashboard"/>
</testsuite> <!-- admin.Dashboard -->
